Fri, 30 Jun 2017 12:11:15 +0300
----------
INSERT INTO `promo`(`promo_id`,`cinema_id`,`purchase_id`,`promo_name`,`promo_status`,`date_added`,`date_modified`) VALUES 
 
(0,0,1,'KMON11111',0,'2017-06-23 11:36:35','2017-06-23 11:36:35'),
(1,0,1,'KMON11112',0,'2017-06-23 11:36:35','2017-06-23 11:36:35'),
(2,0,1,'KMON11113',0,'2017-06-23 11:36:35','2017-06-23 11:36:35'),
(3,0,1,'KMON11114',1,'2017-06-23 11:36:35','2017-06-23 11:36:35'),
(4,0,1,'KMON11115',0,'2017-06-23 11:36:35','2017-06-23 11:36:35'),
(5,0,1,'KMON11116',1,'2017-06-23 11:36:35','2017-06-23 11:36:35'),
(6,0,1,'KMON11117',0,'2017-06-23 11:36:35','2017-06-23 11:36:35'),
(7,0,1,'KMON11118',1,'2017-06-23 11:36:35','2017-06-23 11:36:35'),
(8,0,1,'KMON11119',1,'2017-06-23 11:36:35','2017-06-23 11:36:35'),
(9,0,1,'KMON11120',1,'2017-06-23 11:36:35','2017-06-23 11:36:35'),
(10,0,1,'KMON11121',1,'2017-06-23 11:36:35','2017-06-23 11:36:35'),
(11,0,1,'KMON11122',0,'2017-06-23 11:36:35','2017-06-23 11:36:35'),
(12,0,1,'KMON11123',1,'2017-06-23 11:36:35','2017-06-23 11:36:35'),
(13,0,1,'KMON11124',1,'2017-06-23 11:36:35','2017-06-23 11:36:35'),
(14,0,1,'KMON11125',1,'2017-06-23 11:36:35','2017-06-23 11:36:35'),
(15,0,1,'KMON11126',1,'2017-06-23 11:36:35','2017-06-23 11:36:35'),
(16,0,1,'KMON11127',1,'2017-06-23 11:36:35','2017-06-23 11:36:35'),
(17,0,1,'KMON11128',1,'2017-06-23 11:36:35','2017-06-23 11:36:35'),
(18,0,1,'KMON11129',1,'2017-06-23 11:36:35','2017-06-23 11:36:35'),
(19,0,1,'KMON11130',1,'2017-06-23 11:36:35','2017-06-23 11:36:35'),
(20,0,1,'KMON11131',1,'2017-06-23 11:36:35','2017-06-23 11:36:35'),
(21,0,1,'KMON11132',1,'2017-06-23 11:36:35','2017-06-23 11:36:35'),
(22,0,1,'KMON11133',1,'2017-06-23 11:36:35','2017-06-23 11:36:35'),
(23,0,1,'KMON11134',1,'2017-06-23 11:36:35','2017-06-23 11:36:35'),
(24,0,1,'KMON11135',1,'2017-06-23 11:36:35','2017-06-23 11:36:35'),
(25,0,1,'KMON11136',1,'2017-06-23 11:36:35','2017-06-23 11:36:35'),
(26,0,1,'KMON11137',1,'2017-06-23 11:36:35','2017-06-23 11:36:35'),
(27,0,1,'KMON11138',1,'2017-06-23 11:36:35','2017-06-23 11:36:35'),
(28,0,1,'KMON11139',1,'2017-06-23 11:36:35','2017-06-23 11:36:35'),
(29,0,1,'KMON11140',1,'2017-06-23 11:36:35','2017-06-23 11:36:35'),
(30,0,1,'KMON11141',1,'2017-06-23 11:36:35','2017-06-23 11:36:35'),
(31,0,1,'KMON11142',1,'2017-06-23 11:36:35','2017-06-23 11:36:35'),
(32,0,1,'KMON11143',1,'2017-06-23 11:36:35','2017-06-23 11:36:35'),
(33,0,1,'KMON11144',1,'2017-06-23 11:36:35','2017-06-23 11:36:35'),
(34,0,1,'KMON11145',1,'2017-06-23 11:36:35','2017-06-23 11:36:35'),
(35,0,1,'KMON11146',1,'2017-06-23 11:36:35','2017-06-23 11:36:35'),
(36,0,1,'KMON11147',1,'2017-06-23 11:36:35','2017-06-23 11:36:35'),
(37,0,1,'KMON11148',1,'2017-06-23 11:36:35','2017-06-23 11:36:35'),
(38,0,1,'KMON11149',1,'2017-06-23 11:36:35','2017-06-23 11:36:35'),
(39,0,1,'KMON11150',1,'2017-06-23 11:36:35','2017-06-23 11:36:35'),
(40,0,1,'KMON11151',1,'2017-06-23 11:36:35','2017-06-23 11:36:35'),
(41,0,1,'KMON11152',1,'2017-06-23 11:36:35','2017-06-23 11:36:35'),
(42,0,1,'KMON11153',1,'2017-06-23 11:36:35','2017-06-23 11:36:35'),
(43,0,1,'KMON11154',1,'2017-06-23 11:36:35','2017-06-23 11:36:35'),
(44,0,1,'KMON11155',1,'2017-06-23 11:36:35','2017-06-23 11:36:35'),
(45,0,1,'KMON11156',0,'2017-06-23 11:36:35','2017-06-23 11:36:35'),
(46,0,1,'KMON11157',1,'2017-06-23 11:36:35','2017-06-23 11:36:35'),
(47,0,1,'KMON11158',1,'2017-06-23 11:36:35','2017-06-23 11:36:35'),
(48,0,1,'KMON11159',1,'2017-06-23 11:36:35','2017-06-23 11:36:35'),
(49,0,1,'KMON11160',1,'2017-06-23 11:36:35','2017-06-23 11:36:35'),
(50,0,1,'KMON11161',1,'2017-06-23 11:36:35','2017-06-23 11:36:35'),
(51,0,1,'KMON11162',1,'2017-06-23 11:36:35','2017-06-23 11:36:35'),
(52,0,1,'KMON11163',1,'2017-06-23 11:36:35','2017-06-23 11:36:35'),
(53,0,1,'KMON11164',1,'2017-06-23 11:36:35','2017-06-23 11:36:35'),
(54,0,1,'KMON11165',1,'2017-06-23 11:36:35','2017-06-23 11:36:35'),
(55,0,1,'KMON11166',1,'2017-06-23 11:36:35','2017-06-23 11:36:35'),
(56,0,1,'KMON11167',1,'2017-06-23 11:36:35','2017-06-23 11:36:35'),
(57,0,1,'KMON11168',1,'2017-06-23 11:36:35','2017-06-23 11:36:35'),
(58,0,1,'KMON11169',1,'2017-06-23 11:36:35','2017-06-23 11:36:35'),
(59,0,1,'KMON11170',1,'2017-06-23 11:36:35','2017-06-23 11:36:35'),
(60,0,1,'KMON11171',1,'2017-06-23 11:36:35','2017-06-23 11:36:35'),
(61,0,1,'KMON11172',1,'2017-06-23 11:36:35','2017-06-23 11:36:35'),
(62,0,1,'KMON11173',1,'2017-06-23 11:36:35','2017-06-23 11:36:35'),
(63,0,1,'KMON11174',1,'2017-06-23 11:36:35','2017-06-23 11:36:35'),
(64,0,1,'KMON11175',1,'2017-06-23 11:36:35','2017-06-23 11:36:35'),
(65,0,1,'KMON11176',1,'2017-06-23 11:36:35','2017-06-23 11:36:35'),
(66,0,1,'KMON11177',1,'2017-06-23 11:36:35','2017-06-23 11:36:35'),
(67,0,1,'KMON11178',1,'2017-06-23 11:36:35','2017-06-23 11:36:35'),
(68,0,1,'KMON11179',1,'2017-06-23 11:36:35','2017-06-23 11:36:35'),
(69,0,1,'KMON11180',1,'2017-06-23 11:36:35','2017-06-23 11:36:35'),
(70,0,1,'KMON11181',1,'2017-06-23 11:36:35','2017-06-23 11:36:35'),
(71,0,1,'KMON11182',1,'2017-06-23 11:36:35','2017-06-23 11:36:35'),
(72,0,1,'KMON11183',1,'2017-06-23 11:36:35','2017-06-23 11:36:35'),
(73,0,1,'KMON11184',1,'2017-06-23 11:36:35','2017-06-23 11:36:35'),
(74,0,1,'KMON11185',1,'2017-06-23 11:36:35','2017-06-23 11:36:35'),
(75,0,1,'KMON11186',1,'2017-06-23 11:36:35','2017-06-23 11:36:35'),
(76,0,1,'KMON11187',1,'2017-06-23 11:36:35','2017-06-23 11:36:35'),
(77,0,1,'KMON11188',1,'2017-06-23 11:36:35','2017-06-23 11:36:35'),
(78,0,1,'KMON11189',1,'2017-06-23 11:36:35','2017-06-23 11:36:35'),
(79,0,1,'KMON11190',1,'2017-06-23 11:36:35','2017-06-23 11:36:35'),
(80,0,1,'KMON11191',1,'2017-06-23 11:36:35','2017-06-23 11:36:35'),
(81,0,1,'KMON11192',1,'2017-06-23 11:36:35','2017-06-23 11:36:35'),
(82,0,1,'KMON11193',1,'2017-06-23 11:36:35','2017-06-23 11:36:35'),
(83,0,1,'KMON11194',1,'2017-06-23 11:36:35','2017-06-23 11:36:35'),
(84,0,1,'KMON11195',1,'2017-06-23 11:36:35','2017-06-23 11:36:35'),
(85,0,1,'KMON11196',1,'2017-06-23 11:36:35','2017-06-23 11:36:35'),
(86,0,1,'KMON11197',1,'2017-06-23 11:36:35','2017-06-23 11:36:35'),
(87,0,1,'KMON11198',1,'2017-06-23 11:36:35','2017-06-23 11:36:35'),
(88,0,1,'KMON11199',1,'2017-06-23 11:36:35','2017-06-23 11:36:35'),
(89,0,1,'KMON11200',1,'2017-06-23 11:36:35','2017-06-23 11:36:35'),
(90,0,1,'KMON11201',1,'2017-06-23 11:36:35','2017-06-23 11:36:35'),
(91,0,1,'KMON11202',1,'2017-06-23 11:36:35','2017-06-23 11:36:35'),
(92,0,1,'KMON11203',1,'2017-06-23 11:36:35','2017-06-23 11:36:35'),
(93,0,1,'KMON11204',1,'2017-06-23 11:36:35','2017-06-23 11:36:35'),
(94,0,1,'KMON11205',1,'2017-06-23 11:36:36','2017-06-23 11:36:36'),
(95,0,1,'KMON11206',1,'2017-06-23 11:36:36','2017-06-23 11:36:36'),
(96,0,1,'KMON11207',1,'2017-06-23 11:36:36','2017-06-23 11:36:36'),
(97,0,1,'KMON11208',1,'2017-06-23 11:36:36','2017-06-23 11:36:36'),
(98,0,1,'KMON11209',1,'2017-06-23 11:36:36','2017-06-23 11:36:36'),
(99,0,1,'KMON11210',1,'2017-06-23 11:36:36','2017-06-23 11:36:36'),
(100,0,1,'KMON11211',1,'2017-06-23 11:36:36','2017-06-23 11:36:36'),
(101,0,1,'KMON11212',1,'2017-06-23 11:36:36','2017-06-23 11:36:36'),
(102,0,1,'KMON11213',1,'2017-06-23 11:36:36','2017-06-23 11:36:36'),
(103,0,1,'KMON11214',1,'2017-06-23 11:36:36','2017-06-23 11:36:36'),
(104,0,1,'KMON11215',1,'2017-06-23 11:36:36','2017-06-23 11:36:36'),
(105,0,1,'KMON11216',1,'2017-06-23 11:36:36','2017-06-23 11:36:36'),
(106,0,1,'KMON11217',1,'2017-06-23 11:36:36','2017-06-23 11:36:36'),
(107,0,1,'KMON11218',1,'2017-06-23 11:36:36','2017-06-23 11:36:36'),
(108,0,1,'KMON11219',1,'2017-06-23 11:36:36','2017-06-23 11:36:36'),
(109,0,1,'KMON11220',1,'2017-06-23 11:36:36','2017-06-23 11:36:36'),
(110,0,1,'KMON11221',1,'2017-06-23 11:36:36','2017-06-23 11:36:36'),
(111,0,1,'KMON11222',1,'2017-06-23 11:36:36','2017-06-23 11:36:36'),
(112,0,1,'KMON11223',1,'2017-06-23 11:36:36','2017-06-23 11:36:36'),
(113,0,1,'KMON11224',1,'2017-06-23 11:36:36','2017-06-23 11:36:36'),
(114,0,1,'KMON11225',1,'2017-06-23 11:36:36','2017-06-23 11:36:36'),
(115,0,1,'KMON11226',1,'2017-06-23 11:36:36','2017-06-23 11:36:36'),
(116,0,1,'KMON11227',1,'2017-06-23 11:36:36','2017-06-23 11:36:36'),
(117,0,1,'KMON11228',1,'2017-06-23 11:36:36','2017-06-23 11:36:36'),
(118,0,1,'KMON11229',1,'2017-06-23 11:36:36','2017-06-23 11:36:36'),
(119,0,1,'KMON11230',1,'2017-06-23 11:36:36','2017-06-23 11:36:36'),
(120,0,1,'KMON11231',1,'2017-06-23 11:36:36','2017-06-23 11:36:36'),
(121,0,1,'KMON11232',1,'2017-06-23 11:36:36','2017-06-23 11:36:36'),
(122,0,1,'KMON11233',1,'2017-06-23 11:36:36','2017-06-23 11:36:36'),
(123,0,1,'KMON11234',1,'2017-06-23 11:36:36','2017-06-23 11:36:36'),
(124,0,1,'KMON11235',1,'2017-06-23 11:36:36','2017-06-23 11:36:36'),
(125,0,1,'KMON11236',1,'2017-06-23 11:36:36','2017-06-23 11:36:36'),
(126,0,1,'KMON11237',1,'2017-06-23 11:36:36','2017-06-23 11:36:36'),
(127,0,1,'KMON11238',1,'2017-06-23 11:36:36','2017-06-23 11:36:36'),
(128,0,1,'KMON11239',1,'2017-06-23 11:36:36','2017-06-23 11:36:36'),
(129,0,1,'KMON11240',1,'2017-06-23 11:36:36','2017-06-23 11:36:36'),
(130,0,1,'KMON11241',1,'2017-06-23 11:36:36','2017-06-23 11:36:36'),
(131,0,1,'KMON11242',1,'2017-06-23 11:36:36','2017-06-23 11:36:36'),
(132,0,1,'KMON11243',1,'2017-06-23 11:36:36','2017-06-23 11:36:36'),
(133,0,1,'KMON11244',1,'2017-06-23 11:36:36','2017-06-23 11:36:36'),
(134,0,1,'KMON11245',1,'2017-06-23 11:36:36','2017-06-23 11:36:36'),
(135,0,1,'KMON11246',1,'2017-06-23 11:36:36','2017-06-23 11:36:36'),
(136,0,1,'KMON11247',1,'2017-06-23 11:36:36','2017-06-23 11:36:36'),
(137,0,1,'KMON11248',1,'2017-06-23 11:36:36','2017-06-23 11:36:36'),
(138,0,1,'KMON11249',1,'2017-06-23 11:36:36','2017-06-23 11:36:36'),
(139,0,1,'KMON11250',1,'2017-06-23 11:36:36','2017-06-23 11:36:36'),
(140,0,1,'KMON11251',1,'2017-06-23 11:36:36','2017-06-23 11:36:36'),
(141,0,1,'KMON11252',1,'2017-06-23 11:36:36','2017-06-23 11:36:36'),
(142,0,1,'KMON11253',1,'2017-06-23 11:36:36','2017-06-23 11:36:36'),
(143,0,1,'KMON11254',1,'2017-06-23 11:36:36','2017-06-23 11:36:36'),
(144,0,1,'KMON11255',1,'2017-06-23 11:36:36','2017-06-23 11:36:36'),
(145,0,1,'KMON11256',1,'2017-06-23 11:36:36','2017-06-23 11:36:36'),
(146,0,1,'KMON11257',1,'2017-06-23 11:36:36','2017-06-23 11:36:36'),
(147,0,1,'KMON11258',1,'2017-06-23 11:36:36','2017-06-23 11:36:36'),
(148,0,1,'KMON11259',1,'2017-06-23 11:36:36','2017-06-23 11:36:36'),
(149,0,1,'KMON11260',1,'2017-06-23 11:36:36','2017-06-23 11:36:36'),
(150,0,1,'KMON11261',1,'2017-06-23 11:36:36','2017-06-23 11:36:36'),
(151,0,1,'KMON11262',1,'2017-06-23 11:36:36','2017-06-23 11:36:36'),
(152,0,1,'KMON11263',1,'2017-06-23 11:36:36','2017-06-23 11:36:36'),
(153,0,1,'KMON11264',1,'2017-06-23 11:36:36','2017-06-23 11:36:36'),
(154,0,1,'KMON11265',1,'2017-06-23 11:36:36','2017-06-23 11:36:36'),
(155,0,1,'KMON11266',1,'2017-06-23 11:36:36','2017-06-23 11:36:36'),
(156,0,1,'KMON11267',1,'2017-06-23 11:36:36','2017-06-23 11:36:36'),
(157,0,1,'KMON11268',1,'2017-06-23 11:36:36','2017-06-23 11:36:36'),
(158,0,1,'KMON11269',1,'2017-06-23 11:36:36','2017-06-23 11:36:36'),
(159,0,1,'KMON11270',1,'2017-06-23 11:36:36','2017-06-23 11:36:36'),
(160,0,1,'KMON11271',1,'2017-06-23 11:36:36','2017-06-23 11:36:36'),
(161,0,1,'KMON11272',1,'2017-06-23 11:36:36','2017-06-23 11:36:36'),
(162,0,1,'KMON11273',1,'2017-06-23 11:36:36','2017-06-23 11:36:36'),
(163,0,1,'KMON11274',1,'2017-06-23 11:36:36','2017-06-23 11:36:36'),
(164,0,1,'KMON11275',1,'2017-06-23 11:36:36','2017-06-23 11:36:36'),
(165,0,1,'KMON11276',1,'2017-06-23 11:36:36','2017-06-23 11:36:36'),
(166,0,1,'KMON11277',1,'2017-06-23 11:36:36','2017-06-23 11:36:36'),
(167,0,1,'KMON11278',1,'2017-06-23 11:36:36','2017-06-23 11:36:36'),
(168,0,1,'KMON11279',1,'2017-06-23 11:36:36','2017-06-23 11:36:36'),
(169,0,1,'KMON11280',1,'2017-06-23 11:36:36','2017-06-23 11:36:36'),
(170,0,1,'KMON11281',1,'2017-06-23 11:36:36','2017-06-23 11:36:36'),
(171,0,1,'KMON11282',1,'2017-06-23 11:36:36','2017-06-23 11:36:36'),
(172,0,1,'KMON11283',1,'2017-06-23 11:36:36','2017-06-23 11:36:36'),
(173,0,1,'KMON11284',1,'2017-06-23 11:36:36','2017-06-23 11:36:36'),
(174,0,1,'KMON11285',1,'2017-06-23 11:36:36','2017-06-23 11:36:36'),
(175,0,1,'KMON11286',1,'2017-06-23 11:36:36','2017-06-23 11:36:36'),
(176,0,1,'KMON11287',1,'2017-06-23 11:36:36','2017-06-23 11:36:36'),
(177,0,1,'KMON11288',1,'2017-06-23 11:36:36','2017-06-23 11:36:36'),
(178,0,1,'KMON11289',1,'2017-06-23 11:36:36','2017-06-23 11:36:36'),
(179,0,1,'KMON11290',1,'2017-06-23 11:36:36','2017-06-23 11:36:36'),
(180,0,1,'KMON11291',1,'2017-06-23 11:36:36','2017-06-23 11:36:36'),
(181,0,1,'KMON11292',1,'2017-06-23 11:36:36','2017-06-23 11:36:36'),
(182,0,1,'KMON11293',1,'2017-06-23 11:36:36','2017-06-23 11:36:36'),
(183,0,1,'KMON11294',1,'2017-06-23 11:36:36','2017-06-23 11:36:36'),
(184,0,1,'KMON11295',1,'2017-06-23 11:36:36','2017-06-23 11:36:36'),
(185,0,1,'KMON11296',1,'2017-06-23 11:36:36','2017-06-23 11:36:36'),
(186,0,1,'KMON11297',1,'2017-06-23 11:36:36','2017-06-23 11:36:36'),
(187,0,1,'KMON11298',1,'2017-06-23 11:36:36','2017-06-23 11:36:36'),
(188,0,1,'KMON11299',1,'2017-06-23 11:36:36','2017-06-23 11:36:36'),
(189,0,1,'KMON11300',1,'2017-06-23 11:36:36','2017-06-23 11:36:36'),
(190,0,1,'KMON11301',1,'2017-06-23 11:36:36','2017-06-23 11:36:36'),
(191,0,1,'KMON11302',1,'2017-06-23 11:36:36','2017-06-23 11:36:36'),
(192,0,1,'KMON11303',1,'2017-06-23 11:36:36','2017-06-23 11:36:36'),
(193,0,1,'KMON11304',1,'2017-06-23 11:36:36','2017-06-23 11:36:36'),
(194,0,1,'KMON11305',1,'2017-06-23 11:36:36','2017-06-23 11:36:36'),
(195,0,1,'KMON11306',1,'2017-06-23 11:36:36','2017-06-23 11:36:36'),
(196,0,1,'KMON11307',1,'2017-06-23 11:36:36','2017-06-23 11:36:36'),
(197,0,1,'KMON11308',1,'2017-06-23 11:36:36','2017-06-23 11:36:36'),
(198,0,1,'KMON11309',1,'2017-06-23 11:36:36','2017-06-23 11:36:36'),
(199,0,1,'KMON11310',1,'2017-06-23 11:36:36','2017-06-23 11:36:36'),
(200,0,1,'KMON11311',1,'2017-06-23 11:36:36','2017-06-23 11:36:36'),
(201,0,1,'KMON11312',1,'2017-06-23 11:36:36','2017-06-23 11:36:36'),
(202,0,1,'KMON11313',1,'2017-06-23 11:36:36','2017-06-23 11:36:36'),
(203,0,1,'KMON11314',1,'2017-06-23 11:36:36','2017-06-23 11:36:36'),
(204,0,1,'KMON11315',1,'2017-06-23 11:36:36','2017-06-23 11:36:36'),
(205,0,1,'KMON11316',1,'2017-06-23 11:36:36','2017-06-23 11:36:36'),
(206,0,1,'KMON11317',1,'2017-06-23 11:36:36','2017-06-23 11:36:36'),
(207,0,1,'KMON11318',1,'2017-06-23 11:36:36','2017-06-23 11:36:36'),
(208,0,1,'KMON11319',1,'2017-06-23 11:36:36','2017-06-23 11:36:36'),
(209,0,1,'KMON11320',1,'2017-06-23 11:36:36','2017-06-23 11:36:36'),
(210,0,1,'KMON11321',1,'2017-06-23 11:36:36','2017-06-23 11:36:36'),
(211,0,1,'KMON11322',1,'2017-06-23 11:36:36','2017-06-23 11:36:36'),
(212,0,1,'KMON11323',1,'2017-06-23 11:36:36','2017-06-23 11:36:36'),
(213,0,1,'KMON11324',1,'2017-06-23 11:36:36','2017-06-23 11:36:36'),
(214,0,1,'KMON11325',1,'2017-06-23 11:36:36','2017-06-23 11:36:36'),
(215,0,1,'KMON11326',1,'2017-06-23 11:36:36','2017-06-23 11:36:36'),
(216,0,1,'KMON11327',1,'2017-06-23 11:36:36','2017-06-23 11:36:36'),
(217,0,1,'KMON11328',1,'2017-06-23 11:36:36','2017-06-23 11:36:36'),
(218,0,1,'KMON11329',1,'2017-06-23 11:36:36','2017-06-23 11:36:36'),
(219,0,1,'KMON11330',1,'2017-06-23 11:36:36','2017-06-23 11:36:36'),
(220,0,1,'KMON11331',1,'2017-06-23 11:36:36','2017-06-23 11:36:36'),
(221,0,1,'KMON11332',1,'2017-06-23 11:36:36','2017-06-23 11:36:36'),
(222,0,1,'KMON11333',1,'2017-06-23 11:36:36','2017-06-23 11:36:36'),
(223,0,1,'KMON11334',1,'2017-06-23 11:36:36','2017-06-23 11:36:36'),
(224,0,1,'KMON11335',1,'2017-06-23 11:36:36','2017-06-23 11:36:36'),
(225,0,1,'KMON11336',1,'2017-06-23 11:36:36','2017-06-23 11:36:36'),
(226,0,1,'KMON11337',1,'2017-06-23 11:36:36','2017-06-23 11:36:36'),
(227,0,1,'KMON11338',1,'2017-06-23 11:36:36','2017-06-23 11:36:36'),
(228,0,1,'KMON11339',1,'2017-06-23 11:36:36','2017-06-23 11:36:36'),
(229,0,1,'KMON11340',1,'2017-06-23 11:36:36','2017-06-23 11:36:36'),
(230,0,1,'KMON11341',1,'2017-06-23 11:36:36','2017-06-23 11:36:36'),
(231,0,1,'KMON11342',1,'2017-06-23 11:36:36','2017-06-23 11:36:36'),
(232,0,1,'KMON11343',1,'2017-06-23 11:36:36','2017-06-23 11:36:36'),
(233,0,1,'KMON11344',1,'2017-06-23 11:36:36','2017-06-23 11:36:36'),
(234,0,1,'KMON11345',1,'2017-06-23 11:36:36','2017-06-23 11:36:36'),
(235,0,1,'KMON11346',1,'2017-06-23 11:36:36','2017-06-23 11:36:36'),
(236,0,1,'KMON11347',1,'2017-06-23 11:36:36','2017-06-23 11:36:36'),
(237,0,1,'KMON11348',1,'2017-06-23 11:36:36','2017-06-23 11:36:36'),
(238,0,1,'KMON11349',1,'2017-06-23 11:36:36','2017-06-23 11:36:36'),
(239,0,1,'KMON11350',1,'2017-06-23 11:36:36','2017-06-23 11:36:36'),
(240,0,1,'KMON11351',1,'2017-06-23 11:36:36','2017-06-23 11:36:36'),
(241,0,1,'KMON11352',1,'2017-06-23 11:36:36','2017-06-23 11:36:36'),
(242,0,1,'KMON11353',1,'2017-06-23 11:36:36','2017-06-23 11:36:36'),
(243,0,1,'KMON11354',1,'2017-06-23 11:36:36','2017-06-23 11:36:36'),
(244,0,1,'KMON11355',1,'2017-06-23 11:36:36','2017-06-23 11:36:36'),
(245,0,1,'KMON11356',1,'2017-06-23 11:36:36','2017-06-23 11:36:36'),
(246,0,1,'KMON11357',1,'2017-06-23 11:36:36','2017-06-23 11:36:36'),
(247,0,1,'KMON11358',1,'2017-06-23 11:36:36','2017-06-23 11:36:36'),
(248,0,1,'KMON11359',1,'2017-06-23 11:36:36','2017-06-23 11:36:36'),
(249,0,1,'KMON11360',1,'2017-06-23 11:36:36','2017-06-23 11:36:36'),
(250,0,1,'KMON11361',1,'2017-06-23 11:36:36','2017-06-23 11:36:36'),
(251,0,1,'KMON11362',1,'2017-06-23 11:36:36','2017-06-23 11:36:36'),
(252,0,1,'KMON11363',1,'2017-06-23 11:36:36','2017-06-23 11:36:36'),
(253,0,1,'KMON11364',1,'2017-06-23 11:36:36','2017-06-23 11:36:36'),
(254,0,1,'KMON11365',1,'2017-06-23 11:36:36','2017-06-23 11:36:36'),
(255,0,1,'KMON11366',1,'2017-06-23 11:36:36','2017-06-23 11:36:36'),
(256,0,1,'KMON11367',1,'2017-06-23 11:36:36','2017-06-23 11:36:36'),
(257,0,1,'KMON11368',1,'2017-06-23 11:36:36','2017-06-23 11:36:36'),
(258,0,1,'KMON11369',1,'2017-06-23 11:36:36','2017-06-23 11:36:36'),
(259,0,1,'KMON11370',1,'2017-06-23 11:36:36','2017-06-23 11:36:36'),
(260,0,1,'KMON11371',1,'2017-06-23 11:36:36','2017-06-23 11:36:36'),
(261,0,1,'KMON11372',1,'2017-06-23 11:36:36','2017-06-23 11:36:36'),
(262,0,1,'KMON11373',1,'2017-06-23 11:36:36','2017-06-23 11:36:36'),
(263,0,1,'KMON11374',1,'2017-06-23 11:36:36','2017-06-23 11:36:36'),
(264,0,1,'KMON11375',1,'2017-06-23 11:36:36','2017-06-23 11:36:36'),
(265,0,1,'KMON11376',1,'2017-06-23 11:36:36','2017-06-23 11:36:36'),
(266,0,1,'KMON11377',1,'2017-06-23 11:36:36','2017-06-23 11:36:36'),
(267,0,1,'KMON11378',1,'2017-06-23 11:36:36','2017-06-23 11:36:36'),
(268,0,1,'KMON11379',1,'2017-06-23 11:36:36','2017-06-23 11:36:36'),
(269,0,1,'KMON11380',1,'2017-06-23 11:36:36','2017-06-23 11:36:36'),
(270,0,1,'KMON11381',1,'2017-06-23 11:36:36','2017-06-23 11:36:36'),
(271,0,1,'KMON11382',1,'2017-06-23 11:36:36','2017-06-23 11:36:36'),
(272,0,1,'KMON11383',1,'2017-06-23 11:36:36','2017-06-23 11:36:36'),
(273,0,1,'KMON11384',1,'2017-06-23 11:36:36','2017-06-23 11:36:36'),
(274,0,1,'KMON11385',1,'2017-06-23 11:36:36','2017-06-23 11:36:36'),
(275,0,1,'KMON11386',1,'2017-06-23 11:36:36','2017-06-23 11:36:36'),
(276,0,1,'KMON11387',1,'2017-06-23 11:36:36','2017-06-23 11:36:36'),
(277,0,1,'KMON11388',1,'2017-06-23 11:36:36','2017-06-23 11:36:36'),
(278,0,1,'KMON11389',1,'2017-06-23 11:36:36','2017-06-23 11:36:36'),
(279,0,1,'KMON11390',1,'2017-06-23 11:36:36','2017-06-23 11:36:36'),
(280,0,1,'KMON11391',1,'2017-06-23 11:36:36','2017-06-23 11:36:36'),
(281,0,1,'KMON11392',1,'2017-06-23 11:36:36','2017-06-23 11:36:36'),
(282,0,1,'KMON11393',1,'2017-06-23 11:36:36','2017-06-23 11:36:36'),
(283,0,1,'KMON11394',1,'2017-06-23 11:36:36','2017-06-23 11:36:36'),
(284,0,1,'KMON11395',1,'2017-06-23 11:36:36','2017-06-23 11:36:36'),
(285,0,1,'KMON11396',1,'2017-06-23 11:36:36','2017-06-23 11:36:36'),
(286,0,1,'KMON11397',1,'2017-06-23 11:36:36','2017-06-23 11:36:36'),
(287,0,1,'KMON11398',1,'2017-06-23 11:36:36','2017-06-23 11:36:36'),
(288,0,1,'KMON11399',1,'2017-06-23 11:36:36','2017-06-23 11:36:36'),
(289,0,1,'KMON11400',1,'2017-06-23 11:36:36','2017-06-23 11:36:36'),
(290,0,1,'KMON11401',1,'2017-06-23 11:36:36','2017-06-23 11:36:36'),
(291,0,1,'KMON11402',1,'2017-06-23 11:36:36','2017-06-23 11:36:36'),
(292,0,1,'KMON11403',1,'2017-06-23 11:36:36','2017-06-23 11:36:36'),
(293,0,1,'KMON11404',1,'2017-06-23 11:36:36','2017-06-23 11:36:36'),
(294,0,1,'KMON11405',1,'2017-06-23 11:36:36','2017-06-23 11:36:36'),
(295,0,1,'KMON11406',1,'2017-06-23 11:36:36','2017-06-23 11:36:36'),
(296,0,1,'KMON11407',1,'2017-06-23 11:36:36','2017-06-23 11:36:36'),
(297,0,1,'KMON11408',1,'2017-06-23 11:36:36','2017-06-23 11:36:36'),
(298,0,1,'KMON11409',1,'2017-06-23 11:36:36','2017-06-23 11:36:36'),
(299,0,1,'KMON11410',1,'2017-06-23 11:36:36','2017-06-23 11:36:36'),
(300,0,1,'KMON11411',1,'2017-06-23 11:36:36','2017-06-23 11:36:36'),
(301,0,1,'KMON11412',1,'2017-06-23 11:36:36','2017-06-23 11:36:36'),
(302,0,1,'KMON11413',1,'2017-06-23 11:36:36','2017-06-23 11:36:36'),
(303,0,1,'KMON11414',1,'2017-06-23 11:36:36','2017-06-23 11:36:36'),
(304,0,1,'KMON11415',1,'2017-06-23 11:36:36','2017-06-23 11:36:36'),
(305,0,1,'KMON11416',1,'2017-06-23 11:36:36','2017-06-23 11:36:36'),
(306,0,1,'KMON11417',1,'2017-06-23 11:36:36','2017-06-23 11:36:36'),
(307,0,1,'KMON11418',1,'2017-06-23 11:36:36','2017-06-23 11:36:36'),
(308,0,1,'KMON11419',1,'2017-06-23 11:36:36','2017-06-23 11:36:36'),
(309,0,1,'KMON11420',1,'2017-06-23 11:36:36','2017-06-23 11:36:36'),
(310,0,1,'KMON11421',1,'2017-06-23 11:36:36','2017-06-23 11:36:36'),
(311,0,1,'KMON11422',1,'2017-06-23 11:36:36','2017-06-23 11:36:36'),
(312,0,1,'KMON11423',1,'2017-06-23 11:36:36','2017-06-23 11:36:36'),
(313,0,1,'KMON11424',1,'2017-06-23 11:36:36','2017-06-23 11:36:36'),
(314,0,1,'KMON11425',1,'2017-06-23 11:36:36','2017-06-23 11:36:36'),
(315,0,1,'KMON11426',1,'2017-06-23 11:36:36','2017-06-23 11:36:36'),
(316,0,1,'KMON11427',1,'2017-06-23 11:36:36','2017-06-23 11:36:36'),
(317,0,1,'KMON11428',1,'2017-06-23 11:36:36','2017-06-23 11:36:36'),
(318,0,1,'KMON11429',1,'2017-06-23 11:36:36','2017-06-23 11:36:36'),
(319,0,1,'KMON11430',1,'2017-06-23 11:36:36','2017-06-23 11:36:36'),
(320,0,1,'KMON11431',1,'2017-06-23 11:36:36','2017-06-23 11:36:36'),
(321,0,1,'KMON11432',1,'2017-06-23 11:36:36','2017-06-23 11:36:36'),
(322,0,1,'KMON11433',1,'2017-06-23 11:36:36','2017-06-23 11:36:36'),
(323,0,1,'KMON11434',1,'2017-06-23 11:36:36','2017-06-23 11:36:36'),
(324,0,1,'KMON11435',1,'2017-06-23 11:36:36','2017-06-23 11:36:36'),
(325,0,1,'KMON11436',1,'2017-06-23 11:36:36','2017-06-23 11:36:36'),
(326,0,1,'KMON11437',1,'2017-06-23 11:36:36','2017-06-23 11:36:36'),
(327,0,1,'KMON11438',1,'2017-06-23 11:36:36','2017-06-23 11:36:36'),
(328,0,1,'KMON11439',1,'2017-06-23 11:36:36','2017-06-23 11:36:36'),
(329,0,1,'KMON11440',1,'2017-06-23 11:36:36','2017-06-23 11:36:36'),
(330,0,1,'KMON11441',1,'2017-06-23 11:36:36','2017-06-23 11:36:36'),
(331,0,1,'KMON11442',1,'2017-06-23 11:36:36','2017-06-23 11:36:36'),
(332,0,1,'KMON11443',1,'2017-06-23 11:36:36','2017-06-23 11:36:36'),
(333,0,1,'KMON11444',1,'2017-06-23 11:36:36','2017-06-23 11:36:36'),
(334,0,1,'KMON11445',1,'2017-06-23 11:36:36','2017-06-23 11:36:36'),
(335,0,1,'KMON11446',1,'2017-06-23 11:36:36','2017-06-23 11:36:36'),
(336,0,1,'KMON11447',1,'2017-06-23 11:36:36','2017-06-23 11:36:36'),
(337,0,1,'KMON11448',1,'2017-06-23 11:36:36','2017-06-23 11:36:36'),
(338,0,1,'KMON11449',1,'2017-06-23 11:36:36','2017-06-23 11:36:36'),
(339,0,1,'KMON11450',1,'2017-06-23 11:36:36','2017-06-23 11:36:36'),
(340,0,1,'KMON11451',1,'2017-06-23 11:36:36','2017-06-23 11:36:36'),
(341,0,1,'KMON11452',1,'2017-06-23 11:36:36','2017-06-23 11:36:36'),
(342,0,1,'KMON11453',1,'2017-06-23 11:36:36','2017-06-23 11:36:36'),
(343,0,1,'KMON11454',1,'2017-06-23 11:36:36','2017-06-23 11:36:36'),
(344,0,1,'KMON11455',1,'2017-06-23 11:36:36','2017-06-23 11:36:36'),
(345,0,1,'KMON11456',1,'2017-06-23 11:36:36','2017-06-23 11:36:36'),
(346,0,1,'KMON11457',1,'2017-06-23 11:36:36','2017-06-23 11:36:36'),
(347,0,1,'KMON11458',1,'2017-06-23 11:36:36','2017-06-23 11:36:36'),
(348,0,1,'KMON11459',1,'2017-06-23 11:36:36','2017-06-23 11:36:36'),
(349,0,1,'KMON11460',1,'2017-06-23 11:36:36','2017-06-23 11:36:36'),
(350,0,1,'KMON11461',1,'2017-06-23 11:36:36','2017-06-23 11:36:36'),
(351,0,1,'KMON11462',1,'2017-06-23 11:36:36','2017-06-23 11:36:36'),
(352,0,1,'KMON11463',1,'2017-06-23 11:36:36','2017-06-23 11:36:36'),
(353,0,1,'KMON11464',1,'2017-06-23 11:36:36','2017-06-23 11:36:36'),
(354,0,1,'KMON11465',1,'2017-06-23 11:36:36','2017-06-23 11:36:36'),
(355,0,1,'KMON11466',1,'2017-06-23 11:36:36','2017-06-23 11:36:36'),
(356,0,1,'KMON11467',1,'2017-06-23 11:36:36','2017-06-23 11:36:36'),
(357,0,1,'KMON11468',1,'2017-06-23 11:36:36','2017-06-23 11:36:36'),
(358,0,1,'KMON11469',1,'2017-06-23 11:36:36','2017-06-23 11:36:36'),
(359,0,1,'KMON11470',1,'2017-06-23 11:36:36','2017-06-23 11:36:36'),
(360,0,1,'KMON11471',1,'2017-06-23 11:36:36','2017-06-23 11:36:36'),
(361,0,1,'KMON11472',1,'2017-06-23 11:36:36','2017-06-23 11:36:36'),
(362,0,1,'KMON11473',1,'2017-06-23 11:36:36','2017-06-23 11:36:36'),
(363,0,1,'KMON11474',1,'2017-06-23 11:36:36','2017-06-23 11:36:36'),
(364,0,1,'KMON11475',1,'2017-06-23 11:36:36','2017-06-23 11:36:36'),
(365,0,1,'KMON11476',1,'2017-06-23 11:36:36','2017-06-23 11:36:36'),
(366,0,1,'KMON11477',1,'2017-06-23 11:36:36','2017-06-23 11:36:36'),
(367,0,1,'KMON11478',1,'2017-06-23 11:36:36','2017-06-23 11:36:36'),
(368,0,1,'KMON11479',1,'2017-06-23 11:36:36','2017-06-23 11:36:36'),
(369,0,1,'KMON11480',1,'2017-06-23 11:36:36','2017-06-23 11:36:36'),
(370,0,1,'KMON11481',1,'2017-06-23 11:36:36','2017-06-23 11:36:36'),
(371,0,1,'KMON11482',1,'2017-06-23 11:36:36','2017-06-23 11:36:36'),
(372,0,1,'KMON11483',1,'2017-06-23 11:36:36','2017-06-23 11:36:36'),
(373,0,1,'KMON11484',1,'2017-06-23 11:36:36','2017-06-23 11:36:36'),
(374,0,1,'KMON11485',1,'2017-06-23 11:36:36','2017-06-23 11:36:36'),
(375,0,1,'KMON11486',1,'2017-06-23 11:36:36','2017-06-23 11:36:36'),
(376,0,1,'KMON11487',1,'2017-06-23 11:36:36','2017-06-23 11:36:36'),
(377,0,1,'KMON11488',1,'2017-06-23 11:36:36','2017-06-23 11:36:36'),
(378,0,1,'KMON11489',1,'2017-06-23 11:36:36','2017-06-23 11:36:36'),
(379,0,1,'KMON11490',1,'2017-06-23 11:36:36','2017-06-23 11:36:36'),
(380,0,1,'KMON11491',1,'2017-06-23 11:36:36','2017-06-23 11:36:36'),
(381,0,1,'KMON11492',1,'2017-06-23 11:36:36','2017-06-23 11:36:36'),
(382,0,1,'KMON11493',1,'2017-06-23 11:36:36','2017-06-23 11:36:36'),
(383,0,1,'KMON11494',1,'2017-06-23 11:36:36','2017-06-23 11:36:36'),
(384,0,1,'KMON11495',1,'2017-06-23 11:36:36','2017-06-23 11:36:36'),
(385,0,1,'KMON11496',1,'2017-06-23 11:36:36','2017-06-23 11:36:36'),
(386,0,1,'KMON11497',1,'2017-06-23 11:36:36','2017-06-23 11:36:36'),
(387,0,1,'KMON11498',1,'2017-06-23 11:36:36','2017-06-23 11:36:36'),
(388,0,1,'KMON11499',1,'2017-06-23 11:36:36','2017-06-23 11:36:36'),
(389,0,1,'KMON11500',1,'2017-06-23 11:36:36','2017-06-23 11:36:36'),
(390,0,1,'KMON11501',1,'2017-06-23 11:36:36','2017-06-23 11:36:36'),
(391,0,1,'KMON11502',1,'2017-06-23 11:36:36','2017-06-23 11:36:36'),
(392,0,1,'KMON11503',1,'2017-06-23 11:36:36','2017-06-23 11:36:36'),
(393,0,1,'KMON11504',1,'2017-06-23 11:36:36','2017-06-23 11:36:36'),
(394,0,1,'KMON11505',1,'2017-06-23 11:36:36','2017-06-23 11:36:36'),
(395,0,1,'KMON11506',1,'2017-06-23 11:36:36','2017-06-23 11:36:36'),
(396,0,1,'KMON11507',1,'2017-06-23 11:36:36','2017-06-23 11:36:36'),
(397,0,1,'KMON11508',1,'2017-06-23 11:36:36','2017-06-23 11:36:36'),
(398,0,1,'KMON11509',1,'2017-06-23 11:36:36','2017-06-23 11:36:36'),
(399,0,1,'KMON11510',1,'2017-06-23 11:36:36','2017-06-23 11:36:36'),
(400,0,1,'KMON11511',1,'2017-06-23 11:36:36','2017-06-23 11:36:36'),
(401,0,1,'KMON11512',1,'2017-06-23 11:36:36','2017-06-23 11:36:36'),
(402,0,1,'KMON11513',1,'2017-06-23 11:36:36','2017-06-23 11:36:36'),
(403,0,1,'KMON11514',1,'2017-06-23 11:36:36','2017-06-23 11:36:36'),
(404,0,1,'KMON11515',1,'2017-06-23 11:36:36','2017-06-23 11:36:36'),
(405,0,1,'KMON11516',1,'2017-06-23 11:36:36','2017-06-23 11:36:36'),
(406,0,1,'KMON11517',1,'2017-06-23 11:36:36','2017-06-23 11:36:36'),
(407,0,1,'KMON11518',1,'2017-06-23 11:36:36','2017-06-23 11:36:36'),
(408,0,1,'KMON11519',1,'2017-06-23 11:36:36','2017-06-23 11:36:36'),
(409,0,1,'KMON11520',1,'2017-06-23 11:36:36','2017-06-23 11:36:36'),
(410,0,1,'KMON11521',1,'2017-06-23 11:36:36','2017-06-23 11:36:36'),
(411,0,1,'KMON11522',1,'2017-06-23 11:36:36','2017-06-23 11:36:36'),
(412,0,1,'KMON11523',1,'2017-06-23 11:36:36','2017-06-23 11:36:36'),
(413,0,1,'KMON11524',1,'2017-06-23 11:36:36','2017-06-23 11:36:36'),
(414,0,1,'KMON11525',1,'2017-06-23 11:36:36','2017-06-23 11:36:36'),
(415,0,1,'KMON11526',1,'2017-06-23 11:36:36','2017-06-23 11:36:36'),
(416,0,1,'KMON11527',1,'2017-06-23 11:36:36','2017-06-23 11:36:36'),
(417,0,1,'KMON11528',1,'2017-06-23 11:36:36','2017-06-23 11:36:36'),
(418,0,1,'KMON11529',1,'2017-06-23 11:36:36','2017-06-23 11:36:36'),
(419,0,1,'KMON11530',1,'2017-06-23 11:36:36','2017-06-23 11:36:36'),
(420,0,1,'KMON11531',1,'2017-06-23 11:36:36','2017-06-23 11:36:36'),
(421,0,1,'KMON11532',1,'2017-06-23 11:36:36','2017-06-23 11:36:36'),
(422,0,1,'KMON11533',1,'2017-06-23 11:36:36','2017-06-23 11:36:36'),
(423,0,1,'KMON11534',1,'2017-06-23 11:36:36','2017-06-23 11:36:36'),
(424,0,1,'KMON11535',1,'2017-06-23 11:36:36','2017-06-23 11:36:36'),
(425,0,1,'KMON11536',1,'2017-06-23 11:36:36','2017-06-23 11:36:36'),
(426,0,1,'KMON11537',1,'2017-06-23 11:36:36','2017-06-23 11:36:36'),
(427,0,1,'KMON11538',1,'2017-06-23 11:36:36','2017-06-23 11:36:36'),
(428,0,1,'KMON11539',1,'2017-06-23 11:36:36','2017-06-23 11:36:36'),
(429,0,1,'KMON11540',1,'2017-06-23 11:36:36','2017-06-23 11:36:36'),
(430,0,1,'KMON11541',1,'2017-06-23 11:36:36','2017-06-23 11:36:36'),
(431,0,1,'KMON11542',1,'2017-06-23 11:36:36','2017-06-23 11:36:36'),
(432,0,1,'KMON11543',1,'2017-06-23 11:36:36','2017-06-23 11:36:36'),
(433,0,1,'KMON11544',1,'2017-06-23 11:36:36','2017-06-23 11:36:36'),
(434,0,1,'KMON11545',1,'2017-06-23 11:36:36','2017-06-23 11:36:36'),
(435,0,1,'KMON11546',1,'2017-06-23 11:36:36','2017-06-23 11:36:36'),
(436,0,1,'KMON11547',1,'2017-06-23 11:36:36','2017-06-23 11:36:36'),
(437,0,1,'KMON11548',1,'2017-06-23 11:36:36','2017-06-23 11:36:36'),
(438,0,1,'KMON11549',1,'2017-06-23 11:36:36','2017-06-23 11:36:36'),
(439,0,1,'KMON11550',1,'2017-06-23 11:36:36','2017-06-23 11:36:36'),
(440,0,1,'KMON11551',1,'2017-06-23 11:36:36','2017-06-23 11:36:36'),
(441,0,1,'KMON11552',1,'2017-06-23 11:36:36','2017-06-23 11:36:36'),
(442,0,1,'KMON11553',1,'2017-06-23 11:36:36','2017-06-23 11:36:36'),
(443,0,1,'KMON11554',1,'2017-06-23 11:36:36','2017-06-23 11:36:36'),
(444,0,1,'KMON11555',1,'2017-06-23 11:36:36','2017-06-23 11:36:36'),
(445,0,1,'KMON11556',1,'2017-06-23 11:36:36','2017-06-23 11:36:36'),
(446,0,1,'KMON11557',1,'2017-06-23 11:36:36','2017-06-23 11:36:36'),
(447,0,1,'KMON11558',1,'2017-06-23 11:36:36','2017-06-23 11:36:36'),
(448,0,1,'KMON11559',1,'2017-06-23 11:36:36','2017-06-23 11:36:36'),
(449,0,1,'KMON11560',1,'2017-06-23 11:36:36','2017-06-23 11:36:36'),
(450,0,1,'KMON11561',1,'2017-06-23 11:36:36','2017-06-23 11:36:36'),
(451,0,1,'KMON11562',1,'2017-06-23 11:36:36','2017-06-23 11:36:36'),
(452,0,1,'KMON11563',1,'2017-06-23 11:36:36','2017-06-23 11:36:36'),
(453,0,1,'KMON11564',1,'2017-06-23 11:36:36','2017-06-23 11:36:36'),
(454,0,1,'KMON11565',1,'2017-06-23 11:36:36','2017-06-23 11:36:36'),
(455,0,1,'KMON11566',1,'2017-06-23 11:36:36','2017-06-23 11:36:36'),
(456,0,1,'KMON11567',1,'2017-06-23 11:36:36','2017-06-23 11:36:36'),
(457,0,1,'KMON11568',1,'2017-06-23 11:36:36','2017-06-23 11:36:36'),
(458,0,1,'KMON11569',1,'2017-06-23 11:36:36','2017-06-23 11:36:36'),
(459,0,1,'KMON11570',1,'2017-06-23 11:36:36','2017-06-23 11:36:36'),
(460,0,1,'KMON11571',1,'2017-06-23 11:36:36','2017-06-23 11:36:36'),
(461,0,1,'KMON11572',1,'2017-06-23 11:36:36','2017-06-23 11:36:36'),
(462,0,1,'KMON11573',1,'2017-06-23 11:36:36','2017-06-23 11:36:36'),
(463,0,1,'KMON11574',1,'2017-06-23 11:36:36','2017-06-23 11:36:36'),
(464,0,1,'KMON11575',1,'2017-06-23 11:36:36','2017-06-23 11:36:36'),
(465,0,1,'KMON11576',1,'2017-06-23 11:36:36','2017-06-23 11:36:36'),
(466,0,1,'KMON11577',1,'2017-06-23 11:36:36','2017-06-23 11:36:36'),
(467,0,1,'KMON11578',1,'2017-06-23 11:36:36','2017-06-23 11:36:36'),
(468,0,1,'KMON11579',1,'2017-06-23 11:36:36','2017-06-23 11:36:36'),
(469,0,1,'KMON11580',1,'2017-06-23 11:36:36','2017-06-23 11:36:36'),
(470,0,1,'KMON11581',1,'2017-06-23 11:36:36','2017-06-23 11:36:36'),
(471,0,1,'KMON11582',1,'2017-06-23 11:36:36','2017-06-23 11:36:36'),
(472,0,1,'KMON11583',1,'2017-06-23 11:36:36','2017-06-23 11:36:36'),
(473,0,1,'KMON11584',1,'2017-06-23 11:36:36','2017-06-23 11:36:36'),
(474,0,1,'KMON11585',1,'2017-06-23 11:36:36','2017-06-23 11:36:36'),
(475,0,1,'KMON11586',1,'2017-06-23 11:36:36','2017-06-23 11:36:36'),
(476,0,1,'KMON11587',1,'2017-06-23 11:36:36','2017-06-23 11:36:36'),
(477,0,1,'KMON11588',1,'2017-06-23 11:36:36','2017-06-23 11:36:36'),
(478,0,1,'KMON11589',1,'2017-06-23 11:36:36','2017-06-23 11:36:36'),
(479,0,1,'KMON11590',1,'2017-06-23 11:36:36','2017-06-23 11:36:36'),
(480,0,1,'KMON11591',1,'2017-06-23 11:36:36','2017-06-23 11:36:36'),
(481,0,1,'KMON11592',1,'2017-06-23 11:36:36','2017-06-23 11:36:36'),
(482,0,1,'KMON11593',1,'2017-06-23 11:36:36','2017-06-23 11:36:36'),
(483,0,1,'KMON11594',1,'2017-06-23 11:36:36','2017-06-23 11:36:36'),
(484,0,1,'KMON11595',1,'2017-06-23 11:36:36','2017-06-23 11:36:36'),
(485,0,1,'KMON11596',1,'2017-06-23 11:36:36','2017-06-23 11:36:36'),
(486,0,1,'KMON11597',1,'2017-06-23 11:36:36','2017-06-23 11:36:36'),
(487,0,1,'KMON11598',1,'2017-06-23 11:36:36','2017-06-23 11:36:36'),
(488,0,1,'KMON11599',1,'2017-06-23 11:36:36','2017-06-23 11:36:36'),
(489,0,1,'KMON11600',1,'2017-06-23 11:36:36','2017-06-23 11:36:36'),
(490,0,1,'KMON11601',1,'2017-06-23 11:36:36','2017-06-23 11:36:36'),
(491,0,1,'KMON11602',1,'2017-06-23 11:36:36','2017-06-23 11:36:36'),
(492,0,1,'KMON11603',1,'2017-06-23 11:36:36','2017-06-23 11:36:36'),
(493,0,1,'KMON11604',1,'2017-06-23 11:36:36','2017-06-23 11:36:36'),
(494,0,1,'KMON11605',1,'2017-06-23 11:36:36','2017-06-23 11:36:36'),
(495,0,1,'KMON11606',1,'2017-06-23 11:36:36','2017-06-23 11:36:36'),
(496,0,1,'KMON11607',1,'2017-06-23 11:36:36','2017-06-23 11:36:36'),
(497,0,1,'KMON11608',1,'2017-06-23 11:36:36','2017-06-23 11:36:36'),
(498,0,1,'KMON11609',1,'2017-06-23 11:36:36','2017-06-23 11:36:36'),
(499,0,1,'KMON11610',1,'2017-06-23 11:36:36','2017-06-23 11:36:36'),
(500,0,1,'KMON11611',1,'2017-06-23 11:36:36','2017-06-23 11:36:36'),
(501,0,1,'KMON11612',1,'2017-06-23 11:36:36','2017-06-23 11:36:36'),
(502,0,1,'KMON11613',1,'2017-06-23 11:36:36','2017-06-23 11:36:36'),
(503,0,1,'KMON11614',1,'2017-06-23 11:36:36','2017-06-23 11:36:36'),
(504,0,1,'KMON11615',1,'2017-06-23 11:36:36','2017-06-23 11:36:36'),
(505,0,1,'KMON11616',1,'2017-06-23 11:36:36','2017-06-23 11:36:36'),
(506,0,1,'KMON11617',1,'2017-06-23 11:36:36','2017-06-23 11:36:36'),
(507,0,1,'KMON11618',1,'2017-06-23 11:36:36','2017-06-23 11:36:36'),
(508,0,1,'KMON11619',1,'2017-06-23 11:36:36','2017-06-23 11:36:36'),
(509,0,1,'KMON11620',1,'2017-06-23 11:36:36','2017-06-23 11:36:36'),
(510,0,1,'KMON11621',1,'2017-06-23 11:36:36','2017-06-23 11:36:36'),
(511,0,1,'KMON11622',1,'2017-06-23 11:36:36','2017-06-23 11:36:36'),
(512,0,1,'KMON11623',1,'2017-06-23 11:36:36','2017-06-23 11:36:36'),
(513,0,1,'KMON11624',1,'2017-06-23 11:36:36','2017-06-23 11:36:36'),
(514,0,1,'KMON11625',1,'2017-06-23 11:36:36','2017-06-23 11:36:36'),
(515,0,1,'KMON11626',1,'2017-06-23 11:36:36','2017-06-23 11:36:36'),
(516,0,1,'KMON11627',1,'2017-06-23 11:36:36','2017-06-23 11:36:36'),
(517,0,1,'KMON11628',1,'2017-06-23 11:36:36','2017-06-23 11:36:36'),
(518,0,1,'KMON11629',1,'2017-06-23 11:36:36','2017-06-23 11:36:36'),
(519,0,1,'KMON11630',1,'2017-06-23 11:36:36','2017-06-23 11:36:36'),
(520,0,1,'KMON11631',1,'2017-06-23 11:36:36','2017-06-23 11:36:36'),
(521,0,1,'KMON11632',1,'2017-06-23 11:36:36','2017-06-23 11:36:36'),
(522,0,1,'KMON11633',1,'2017-06-23 11:36:36','2017-06-23 11:36:36'),
(523,0,1,'KMON11634',1,'2017-06-23 11:36:36','2017-06-23 11:36:36'),
(524,0,1,'KMON11635',1,'2017-06-23 11:36:36','2017-06-23 11:36:36'),
(525,0,1,'KMON11636',1,'2017-06-23 11:36:36','2017-06-23 11:36:36'),
(526,0,1,'KMON11637',1,'2017-06-23 11:36:36','2017-06-23 11:36:36'),
(527,0,1,'KMON11638',1,'2017-06-23 11:36:36','2017-06-23 11:36:36'),
(528,0,1,'KMON11639',1,'2017-06-23 11:36:36','2017-06-23 11:36:36'),
(529,0,1,'KMON11640',1,'2017-06-23 11:36:36','2017-06-23 11:36:36'),
(530,0,1,'KMON11641',1,'2017-06-23 11:36:36','2017-06-23 11:36:36'),
(531,0,1,'KMON11642',1,'2017-06-23 11:36:36','2017-06-23 11:36:36'),
(532,0,1,'KMON11643',1,'2017-06-23 11:36:36','2017-06-23 11:36:36'),
(533,0,1,'KMON11644',1,'2017-06-23 11:36:36','2017-06-23 11:36:36'),
(534,0,1,'KMON11645',1,'2017-06-23 11:36:36','2017-06-23 11:36:36'),
(535,0,1,'KMON11646',1,'2017-06-23 11:36:36','2017-06-23 11:36:36'),
(536,0,1,'KMON11647',1,'2017-06-23 11:36:36','2017-06-23 11:36:36'),
(537,0,1,'KMON11648',1,'2017-06-23 11:36:36','2017-06-23 11:36:36'),
(538,0,1,'KMON11649',1,'2017-06-23 11:36:36','2017-06-23 11:36:36'),
(539,0,1,'KMON11650',1,'2017-06-23 11:36:36','2017-06-23 11:36:36'),
(540,0,1,'KMON11651',1,'2017-06-23 11:36:36','2017-06-23 11:36:36'),
(541,0,1,'KMON11652',1,'2017-06-23 11:36:36','2017-06-23 11:36:36'),
(542,0,1,'KMON11653',1,'2017-06-23 11:36:36','2017-06-23 11:36:36'),
(543,0,1,'KMON11654',1,'2017-06-23 11:36:36','2017-06-23 11:36:36'),
(544,0,1,'KMON11655',1,'2017-06-23 11:36:36','2017-06-23 11:36:36'),
(545,0,1,'KMON11656',1,'2017-06-23 11:36:36','2017-06-23 11:36:36'),
(546,0,1,'KMON11657',1,'2017-06-23 11:36:36','2017-06-23 11:36:36'),
(547,0,1,'KMON11658',1,'2017-06-23 11:36:36','2017-06-23 11:36:36'),
(548,0,1,'KMON11659',1,'2017-06-23 11:36:36','2017-06-23 11:36:36'),
(549,0,1,'KMON11660',1,'2017-06-23 11:36:36','2017-06-23 11:36:36'),
(550,0,1,'KMON11661',1,'2017-06-23 11:36:36','2017-06-23 11:36:36'),
(551,0,1,'KMON11662',1,'2017-06-23 11:36:36','2017-06-23 11:36:36'),
(552,0,1,'KMON11663',1,'2017-06-23 11:36:36','2017-06-23 11:36:36'),
(553,0,1,'KMON11664',1,'2017-06-23 11:36:36','2017-06-23 11:36:36'),
(554,0,1,'KMON11665',1,'2017-06-23 11:36:36','2017-06-23 11:36:36'),
(555,0,1,'KMON11666',1,'2017-06-23 11:36:36','2017-06-23 11:36:36'),
(556,0,1,'KMON11667',1,'2017-06-23 11:36:36','2017-06-23 11:36:36'),
(557,0,1,'KMON11668',1,'2017-06-23 11:36:36','2017-06-23 11:36:36'),
(558,0,1,'KMON11669',1,'2017-06-23 11:36:36','2017-06-23 11:36:36'),
(559,0,1,'KMON11670',1,'2017-06-23 11:36:36','2017-06-23 11:36:36'),
(560,0,1,'KMON11671',1,'2017-06-23 11:36:36','2017-06-23 11:36:36'),
(561,0,1,'KMON11672',1,'2017-06-23 11:36:36','2017-06-23 11:36:36'),
(562,0,1,'KMON11673',1,'2017-06-23 11:36:36','2017-06-23 11:36:36'),
(563,0,1,'KMON11674',1,'2017-06-23 11:36:36','2017-06-23 11:36:36'),
(564,0,1,'KMON11675',1,'2017-06-23 11:36:36','2017-06-23 11:36:36'),
(565,0,1,'KMON11676',1,'2017-06-23 11:36:36','2017-06-23 11:36:36'),
(566,0,1,'KMON11677',1,'2017-06-23 11:36:36','2017-06-23 11:36:36'),
(567,0,1,'KMON11678',1,'2017-06-23 11:36:36','2017-06-23 11:36:36'),
(568,0,1,'KMON11679',1,'2017-06-23 11:36:36','2017-06-23 11:36:36'),
(569,0,1,'KMON11680',1,'2017-06-23 11:36:36','2017-06-23 11:36:36'),
(570,0,1,'KMON11681',1,'2017-06-23 11:36:36','2017-06-23 11:36:36'),
(571,0,1,'KMON11682',1,'2017-06-23 11:36:36','2017-06-23 11:36:36'),
(572,0,1,'KMON11683',1,'2017-06-23 11:36:36','2017-06-23 11:36:36'),
(573,0,1,'KMON11684',1,'2017-06-23 11:36:36','2017-06-23 11:36:36'),
(574,0,1,'KMON11685',1,'2017-06-23 11:36:36','2017-06-23 11:36:36'),
(575,0,1,'KMON11686',1,'2017-06-23 11:36:36','2017-06-23 11:36:36'),
(576,0,1,'KMON11687',1,'2017-06-23 11:36:36','2017-06-23 11:36:36'),
(577,0,1,'KMON11688',1,'2017-06-23 11:36:36','2017-06-23 11:36:36'),
(578,0,1,'KMON11689',1,'2017-06-23 11:36:36','2017-06-23 11:36:36'),
(579,0,1,'KMON11690',1,'2017-06-23 11:36:36','2017-06-23 11:36:36'),
(580,0,1,'KMON11691',1,'2017-06-23 11:36:36','2017-06-23 11:36:36'),
(581,0,1,'KMON11692',1,'2017-06-23 11:36:36','2017-06-23 11:36:36'),
(582,0,1,'KMON11693',1,'2017-06-23 11:36:36','2017-06-23 11:36:36'),
(583,0,1,'KMON11694',1,'2017-06-23 11:36:36','2017-06-23 11:36:36'),
(584,0,1,'KMON11695',1,'2017-06-23 11:36:36','2017-06-23 11:36:36'),
(585,0,1,'KMON11696',1,'2017-06-23 11:36:36','2017-06-23 11:36:36'),
(586,0,1,'KMON11697',1,'2017-06-23 11:36:36','2017-06-23 11:36:36'),
(587,0,1,'KMON11698',1,'2017-06-23 11:36:36','2017-06-23 11:36:36'),
(588,0,1,'KMON11699',1,'2017-06-23 11:36:36','2017-06-23 11:36:36'),
(589,0,1,'KMON11700',1,'2017-06-23 11:36:36','2017-06-23 11:36:36'),
(590,0,1,'KMON11701',1,'2017-06-23 11:36:36','2017-06-23 11:36:36'),
(591,0,1,'KMON11702',1,'2017-06-23 11:36:36','2017-06-23 11:36:36'),
(592,0,1,'KMON11703',1,'2017-06-23 11:36:36','2017-06-23 11:36:36'),
(593,0,1,'KMON11704',1,'2017-06-23 11:36:36','2017-06-23 11:36:36'),
(594,0,1,'KMON11705',1,'2017-06-23 11:36:36','2017-06-23 11:36:36'),
(595,0,1,'KMON11706',1,'2017-06-23 11:36:36','2017-06-23 11:36:36'),
(596,0,1,'KMON11707',1,'2017-06-23 11:36:36','2017-06-23 11:36:36'),
(597,0,1,'KMON11708',1,'2017-06-23 11:36:36','2017-06-23 11:36:36'),
(598,0,1,'KMON11709',1,'2017-06-23 11:36:36','2017-06-23 11:36:36'),
(599,0,1,'KMON11710',1,'2017-06-23 11:36:36','2017-06-23 11:36:36'),
(600,0,1,'KMON11711',1,'2017-06-23 11:36:36','2017-06-23 11:36:36'),
(601,0,1,'KMON11712',1,'2017-06-23 11:36:36','2017-06-23 11:36:36'),
(602,0,1,'KMON11713',1,'2017-06-23 11:36:36','2017-06-23 11:36:36'),
(603,0,1,'KMON11714',1,'2017-06-23 11:36:36','2017-06-23 11:36:36'),
(604,0,1,'KMON11715',1,'2017-06-23 11:36:36','2017-06-23 11:36:36'),
(605,0,1,'KMON11716',1,'2017-06-23 11:36:36','2017-06-23 11:36:36'),
(606,0,1,'KMON11717',1,'2017-06-23 11:36:36','2017-06-23 11:36:36'),
(607,0,1,'KMON11718',1,'2017-06-23 11:36:36','2017-06-23 11:36:36'),
(608,0,1,'KMON11719',1,'2017-06-23 11:36:36','2017-06-23 11:36:36'),
(609,0,1,'KMON11720',1,'2017-06-23 11:36:36','2017-06-23 11:36:36'),
(610,0,1,'KMON11721',1,'2017-06-23 11:36:36','2017-06-23 11:36:36'),
(611,0,1,'KMON11722',1,'2017-06-23 11:36:36','2017-06-23 11:36:36'),
(612,0,1,'KMON11723',1,'2017-06-23 11:36:36','2017-06-23 11:36:36'),
(613,0,1,'KMON11724',1,'2017-06-23 11:36:36','2017-06-23 11:36:36'),
(614,0,1,'KMON11725',1,'2017-06-23 11:36:36','2017-06-23 11:36:36'),
(615,0,1,'KMON11726',1,'2017-06-23 11:36:36','2017-06-23 11:36:36'),
(616,0,1,'KMON11727',1,'2017-06-23 11:36:36','2017-06-23 11:36:36'),
(617,0,1,'KMON11728',1,'2017-06-23 11:36:36','2017-06-23 11:36:36'),
(618,0,1,'KMON11729',1,'2017-06-23 11:36:36','2017-06-23 11:36:36'),
(619,0,1,'KMON11730',1,'2017-06-23 11:36:36','2017-06-23 11:36:36'),
(620,0,1,'KMON11731',1,'2017-06-23 11:36:36','2017-06-23 11:36:36'),
(621,0,1,'KMON11732',1,'2017-06-23 11:36:36','2017-06-23 11:36:36'),
(622,0,1,'KMON11733',1,'2017-06-23 11:36:36','2017-06-23 11:36:36'),
(623,0,1,'KMON11734',1,'2017-06-23 11:36:36','2017-06-23 11:36:36'),
(624,0,1,'KMON11735',1,'2017-06-23 11:36:36','2017-06-23 11:36:36'),
(625,0,1,'KMON11736',1,'2017-06-23 11:36:36','2017-06-23 11:36:36'),
(626,0,1,'KMON11737',1,'2017-06-23 11:36:36','2017-06-23 11:36:36'),
(627,0,1,'KMON11738',1,'2017-06-23 11:36:36','2017-06-23 11:36:36'),
(628,0,1,'KMON11739',1,'2017-06-23 11:36:36','2017-06-23 11:36:36'),
(629,0,1,'KMON11740',1,'2017-06-23 11:36:36','2017-06-23 11:36:36'),
(630,0,1,'KMON11741',1,'2017-06-23 11:36:36','2017-06-23 11:36:36'),
(631,0,1,'KMON11742',1,'2017-06-23 11:36:36','2017-06-23 11:36:36'),
(632,0,1,'KMON11743',1,'2017-06-23 11:36:36','2017-06-23 11:36:36'),
(633,0,1,'KMON11744',1,'2017-06-23 11:36:36','2017-06-23 11:36:36'),
(634,0,1,'KMON11745',1,'2017-06-23 11:36:36','2017-06-23 11:36:36'),
(635,0,1,'KMON11746',1,'2017-06-23 11:36:36','2017-06-23 11:36:36'),
(636,0,1,'KMON11747',1,'2017-06-23 11:36:36','2017-06-23 11:36:36'),
(637,0,1,'KMON11748',1,'2017-06-23 11:36:36','2017-06-23 11:36:36'),
(638,0,1,'KMON11749',1,'2017-06-23 11:36:36','2017-06-23 11:36:36'),
(639,0,1,'KMON11750',1,'2017-06-23 11:36:36','2017-06-23 11:36:36'),
(640,0,1,'KMON11751',1,'2017-06-23 11:36:36','2017-06-23 11:36:36'),
(641,0,1,'KMON11752',1,'2017-06-23 11:36:36','2017-06-23 11:36:36'),
(642,0,1,'KMON11753',1,'2017-06-23 11:36:36','2017-06-23 11:36:36'),
(643,0,1,'KMON11754',1,'2017-06-23 11:36:36','2017-06-23 11:36:36'),
(644,0,1,'KMON11755',1,'2017-06-23 11:36:36','2017-06-23 11:36:36'),
(645,0,1,'KMON11756',1,'2017-06-23 11:36:36','2017-06-23 11:36:36'),
(646,0,1,'KMON11757',1,'2017-06-23 11:36:36','2017-06-23 11:36:36'),
(647,0,1,'KMON11758',1,'2017-06-23 11:36:36','2017-06-23 11:36:36'),
(648,0,1,'KMON11759',1,'2017-06-23 11:36:36','2017-06-23 11:36:36'),
(649,0,1,'KMON11760',1,'2017-06-23 11:36:36','2017-06-23 11:36:36'),
(650,0,1,'KMON11761',1,'2017-06-23 11:36:36','2017-06-23 11:36:36'),
(651,0,1,'KMON11762',1,'2017-06-23 11:36:36','2017-06-23 11:36:36'),
(652,0,1,'KMON11763',1,'2017-06-23 11:36:36','2017-06-23 11:36:36'),
(653,0,1,'KMON11764',1,'2017-06-23 11:36:36','2017-06-23 11:36:36'),
(654,0,1,'KMON11765',1,'2017-06-23 11:36:36','2017-06-23 11:36:36'),
(655,0,1,'KMON11766',1,'2017-06-23 11:36:36','2017-06-23 11:36:36'),
(656,0,1,'KMON11767',1,'2017-06-23 11:36:36','2017-06-23 11:36:36'),
(657,0,1,'KMON11768',1,'2017-06-23 11:36:36','2017-06-23 11:36:36'),
(658,0,1,'KMON11769',1,'2017-06-23 11:36:36','2017-06-23 11:36:36'),
(659,0,1,'KMON11770',1,'2017-06-23 11:36:36','2017-06-23 11:36:36'),
(660,0,1,'KMON11771',1,'2017-06-23 11:36:36','2017-06-23 11:36:36'),
(661,0,1,'KMON11772',1,'2017-06-23 11:36:36','2017-06-23 11:36:36'),
(662,0,1,'KMON11773',1,'2017-06-23 11:36:36','2017-06-23 11:36:36'),
(663,0,1,'KMON11774',1,'2017-06-23 11:36:36','2017-06-23 11:36:36'),
(664,0,1,'KMON11775',1,'2017-06-23 11:36:36','2017-06-23 11:36:36'),
(665,0,1,'KMON11776',1,'2017-06-23 11:36:36','2017-06-23 11:36:36'),
(666,0,1,'KMON11777',1,'2017-06-23 11:36:36','2017-06-23 11:36:36'),
(667,0,1,'KMON11778',1,'2017-06-23 11:36:36','2017-06-23 11:36:36'),
(668,0,1,'KMON11779',1,'2017-06-23 11:36:36','2017-06-23 11:36:36'),
(669,0,1,'KMON11780',1,'2017-06-23 11:36:36','2017-06-23 11:36:36'),
(670,0,1,'KMON11781',1,'2017-06-23 11:36:36','2017-06-23 11:36:36'),
(671,0,1,'KMON11782',1,'2017-06-23 11:36:36','2017-06-23 11:36:36'),
(672,0,1,'KMON11783',1,'2017-06-23 11:36:36','2017-06-23 11:36:36'),
(673,0,1,'KMON11784',1,'2017-06-23 11:36:36','2017-06-23 11:36:36'),
(674,0,1,'KMON11785',1,'2017-06-23 11:36:36','2017-06-23 11:36:36'),
(675,0,1,'KMON11786',1,'2017-06-23 11:36:36','2017-06-23 11:36:36'),
(676,0,1,'KMON11787',1,'2017-06-23 11:36:36','2017-06-23 11:36:36'),
(677,0,1,'KMON11788',1,'2017-06-23 11:36:36','2017-06-23 11:36:36'),
(678,0,1,'KMON11789',1,'2017-06-23 11:36:36','2017-06-23 11:36:36'),
(679,0,1,'KMON11790',1,'2017-06-23 11:36:36','2017-06-23 11:36:36'),
(680,0,1,'KMON11791',1,'2017-06-23 11:36:36','2017-06-23 11:36:36'),
(681,0,1,'KMON11792',1,'2017-06-23 11:36:36','2017-06-23 11:36:36'),
(682,0,1,'KMON11793',1,'2017-06-23 11:36:36','2017-06-23 11:36:36'),
(683,0,1,'KMON11794',1,'2017-06-23 11:36:36','2017-06-23 11:36:36'),
(684,0,1,'KMON11795',1,'2017-06-23 11:36:36','2017-06-23 11:36:36'),
(685,0,1,'KMON11796',1,'2017-06-23 11:36:36','2017-06-23 11:36:36'),
(686,0,1,'KMON11797',1,'2017-06-23 11:36:36','2017-06-23 11:36:36'),
(687,0,1,'KMON11798',1,'2017-06-23 11:36:36','2017-06-23 11:36:36'),
(688,0,1,'KMON11799',1,'2017-06-23 11:36:36','2017-06-23 11:36:36'),
(689,0,1,'KMON11800',1,'2017-06-23 11:36:36','2017-06-23 11:36:36'),
(690,0,1,'KMON11801',1,'2017-06-23 11:36:36','2017-06-23 11:36:36'),
(691,0,1,'KMON11802',1,'2017-06-23 11:36:36','2017-06-23 11:36:36'),
(692,0,1,'KMON11803',1,'2017-06-23 11:36:36','2017-06-23 11:36:36'),
(693,0,1,'KMON11804',1,'2017-06-23 11:36:36','2017-06-23 11:36:36'),
(694,0,1,'KMON11805',1,'2017-06-23 11:36:36','2017-06-23 11:36:36'),
(695,0,1,'KMON11806',1,'2017-06-23 11:36:36','2017-06-23 11:36:36'),
(696,0,1,'KMON11807',1,'2017-06-23 11:36:36','2017-06-23 11:36:36'),
(697,0,1,'KMON11808',1,'2017-06-23 11:36:36','2017-06-23 11:36:36'),
(698,0,1,'KMON11809',1,'2017-06-23 11:36:36','2017-06-23 11:36:36'),
(699,0,1,'KMON11810',1,'2017-06-23 11:36:36','2017-06-23 11:36:36'),
(700,0,1,'KMON11811',1,'2017-06-23 11:36:36','2017-06-23 11:36:36'),
(701,0,1,'KMON11812',1,'2017-06-23 11:36:36','2017-06-23 11:36:36'),
(702,0,1,'KMON11813',1,'2017-06-23 11:36:36','2017-06-23 11:36:36'),
(703,0,1,'KMON11814',1,'2017-06-23 11:36:36','2017-06-23 11:36:36'),
(704,0,1,'KMON11815',1,'2017-06-23 11:36:36','2017-06-23 11:36:36'),
(705,0,1,'KMON11816',1,'2017-06-23 11:36:36','2017-06-23 11:36:36'),
(706,0,1,'KMON11817',1,'2017-06-23 11:36:36','2017-06-23 11:36:36'),
(707,0,1,'KMON11818',1,'2017-06-23 11:36:36','2017-06-23 11:36:36'),
(708,0,1,'KMON11819',1,'2017-06-23 11:36:36','2017-06-23 11:36:36'),
(709,0,1,'KMON11820',1,'2017-06-23 11:36:36','2017-06-23 11:36:36'),
(710,0,1,'KMON11821',1,'2017-06-23 11:36:36','2017-06-23 11:36:36'),
(711,0,1,'KMON11822',1,'2017-06-23 11:36:36','2017-06-23 11:36:36'),
(712,0,1,'KMON11823',1,'2017-06-23 11:36:36','2017-06-23 11:36:36'),
(713,0,1,'KMON11824',1,'2017-06-23 11:36:36','2017-06-23 11:36:36'),
(714,0,1,'KMON11825',1,'2017-06-23 11:36:36','2017-06-23 11:36:36'),
(715,0,1,'KMON11826',1,'2017-06-23 11:36:36','2017-06-23 11:36:36'),
(716,0,1,'KMON11827',1,'2017-06-23 11:36:36','2017-06-23 11:36:36'),
(717,0,1,'KMON11828',1,'2017-06-23 11:36:36','2017-06-23 11:36:36'),
(718,0,1,'KMON11829',1,'2017-06-23 11:36:36','2017-06-23 11:36:36'),
(719,0,1,'KMON11830',1,'2017-06-23 11:36:36','2017-06-23 11:36:36'),
(720,0,1,'KMON11831',1,'2017-06-23 11:36:36','2017-06-23 11:36:36'),
(721,0,1,'KMON11832',1,'2017-06-23 11:36:36','2017-06-23 11:36:36'),
(722,0,1,'KMON11833',1,'2017-06-23 11:36:36','2017-06-23 11:36:36'),
(723,0,1,'KMON11834',1,'2017-06-23 11:36:36','2017-06-23 11:36:36'),
(724,0,1,'KMON11835',1,'2017-06-23 11:36:36','2017-06-23 11:36:36'),
(725,0,1,'KMON11836',1,'2017-06-23 11:36:36','2017-06-23 11:36:36'),
(726,0,1,'KMON11837',1,'2017-06-23 11:36:36','2017-06-23 11:36:36'),
(727,0,1,'KMON11838',1,'2017-06-23 11:36:36','2017-06-23 11:36:36'),
(728,0,1,'KMON11839',1,'2017-06-23 11:36:36','2017-06-23 11:36:36'),
(729,0,1,'KMON11840',1,'2017-06-23 11:36:36','2017-06-23 11:36:36'),
(730,0,1,'KMON11841',1,'2017-06-23 11:36:36','2017-06-23 11:36:36'),
(731,0,1,'KMON11842',1,'2017-06-23 11:36:36','2017-06-23 11:36:36'),
(732,0,1,'KMON11843',1,'2017-06-23 11:36:36','2017-06-23 11:36:36'),
(733,0,1,'KMON11844',1,'2017-06-23 11:36:36','2017-06-23 11:36:36'),
(734,0,1,'KMON11845',1,'2017-06-23 11:36:36','2017-06-23 11:36:36'),
(735,0,1,'KMON11846',1,'2017-06-23 11:36:36','2017-06-23 11:36:36'),
(736,0,1,'KMON11847',1,'2017-06-23 11:36:36','2017-06-23 11:36:36'),
(737,0,1,'KMON11848',1,'2017-06-23 11:36:36','2017-06-23 11:36:36'),
(738,0,1,'KMON11849',1,'2017-06-23 11:36:36','2017-06-23 11:36:36'),
(739,0,1,'KMON11850',1,'2017-06-23 11:36:36','2017-06-23 11:36:36'),
(740,0,1,'KMON11851',1,'2017-06-23 11:36:36','2017-06-23 11:36:36'),
(741,0,1,'KMON11852',1,'2017-06-23 11:36:36','2017-06-23 11:36:36'),
(742,0,1,'KMON11853',1,'2017-06-23 11:36:36','2017-06-23 11:36:36'),
(743,0,1,'KMON11854',1,'2017-06-23 11:36:36','2017-06-23 11:36:36'),
(744,0,1,'KMON11855',1,'2017-06-23 11:36:36','2017-06-23 11:36:36'),
(745,0,1,'KMON11856',1,'2017-06-23 11:36:36','2017-06-23 11:36:36'),
(746,0,1,'KMON11857',1,'2017-06-23 11:36:36','2017-06-23 11:36:36'),
(747,0,1,'KMON11858',1,'2017-06-23 11:36:36','2017-06-23 11:36:36'),
(748,0,1,'KMON11859',1,'2017-06-23 11:36:36','2017-06-23 11:36:36'),
(749,0,1,'KMON11860',1,'2017-06-23 11:36:36','2017-06-23 11:36:36'),
(750,0,1,'KMON11861',1,'2017-06-23 11:36:36','2017-06-23 11:36:36'),
(751,0,1,'KMON11862',1,'2017-06-23 11:36:36','2017-06-23 11:36:36'),
(752,0,1,'KMON11863',1,'2017-06-23 11:36:36','2017-06-23 11:36:36'),
(753,0,1,'KMON11864',1,'2017-06-23 11:36:36','2017-06-23 11:36:36'),
(754,0,1,'KMON11865',1,'2017-06-23 11:36:36','2017-06-23 11:36:36'),
(755,0,1,'KMON11866',1,'2017-06-23 11:36:36','2017-06-23 11:36:36'),
(756,0,1,'KMON11867',1,'2017-06-23 11:36:36','2017-06-23 11:36:36'),
(757,0,1,'KMON11868',1,'2017-06-23 11:36:36','2017-06-23 11:36:36'),
(758,0,1,'KMON11869',1,'2017-06-23 11:36:36','2017-06-23 11:36:36'),
(759,0,1,'KMON11870',1,'2017-06-23 11:36:36','2017-06-23 11:36:36'),
(760,0,1,'KMON11871',1,'2017-06-23 11:36:36','2017-06-23 11:36:36'),
(761,0,1,'KMON11872',1,'2017-06-23 11:36:36','2017-06-23 11:36:36'),
(762,0,1,'KMON11873',1,'2017-06-23 11:36:36','2017-06-23 11:36:36'),
(763,0,1,'KMON11874',1,'2017-06-23 11:36:36','2017-06-23 11:36:36'),
(764,0,1,'KMON11875',1,'2017-06-23 11:36:36','2017-06-23 11:36:36'),
(765,0,1,'KMON11876',1,'2017-06-23 11:36:36','2017-06-23 11:36:36'),
(766,0,1,'KMON11877',1,'2017-06-23 11:36:36','2017-06-23 11:36:36'),
(767,0,1,'KMON11878',1,'2017-06-23 11:36:36','2017-06-23 11:36:36'),
(768,0,1,'KMON11879',1,'2017-06-23 11:36:36','2017-06-23 11:36:36'),
(769,0,1,'KMON11880',1,'2017-06-23 11:36:36','2017-06-23 11:36:36'),
(770,0,1,'KMON11881',1,'2017-06-23 11:36:36','2017-06-23 11:36:36'),
(771,0,1,'KMON11882',1,'2017-06-23 11:36:36','2017-06-23 11:36:36'),
(772,0,1,'KMON11883',1,'2017-06-23 11:36:36','2017-06-23 11:36:36'),
(773,0,1,'KMON11884',1,'2017-06-23 11:36:36','2017-06-23 11:36:36'),
(774,0,1,'KMON11885',1,'2017-06-23 11:36:36','2017-06-23 11:36:36'),
(775,0,1,'KMON11886',1,'2017-06-23 11:36:36','2017-06-23 11:36:36'),
(776,0,1,'KMON11887',1,'2017-06-23 11:36:36','2017-06-23 11:36:36'),
(777,0,1,'KMON11888',1,'2017-06-23 11:36:36','2017-06-23 11:36:36'),
(778,0,1,'KMON11889',1,'2017-06-23 11:36:36','2017-06-23 11:36:36'),
(779,0,1,'KMON11890',1,'2017-06-23 11:36:36','2017-06-23 11:36:36'),
(780,0,1,'KMON11891',1,'2017-06-23 11:36:36','2017-06-23 11:36:36'),
(781,0,1,'KMON11892',1,'2017-06-23 11:36:36','2017-06-23 11:36:36'),
(782,0,1,'KMON11893',1,'2017-06-23 11:36:36','2017-06-23 11:36:36'),
(783,0,1,'KMON11894',1,'2017-06-23 11:36:36','2017-06-23 11:36:36'),
(784,0,1,'KMON11895',1,'2017-06-23 11:36:36','2017-06-23 11:36:36'),
(785,0,1,'KMON11896',1,'2017-06-23 11:36:36','2017-06-23 11:36:36'),
(786,0,1,'KMON11897',1,'2017-06-23 11:36:36','2017-06-23 11:36:36'),
(787,0,1,'KMON11898',1,'2017-06-23 11:36:36','2017-06-23 11:36:36'),
(788,0,1,'KMON11899',1,'2017-06-23 11:36:36','2017-06-23 11:36:36'),
(789,0,1,'KMON11900',1,'2017-06-23 11:36:36','2017-06-23 11:36:36'),
(790,0,1,'KMON11901',1,'2017-06-23 11:36:36','2017-06-23 11:36:36'),
(791,0,1,'KMON11902',1,'2017-06-23 11:36:36','2017-06-23 11:36:36'),
(792,0,1,'KMON11903',1,'2017-06-23 11:36:36','2017-06-23 11:36:36'),
(793,0,1,'KMON11904',1,'2017-06-23 11:36:36','2017-06-23 11:36:36'),
(794,0,1,'KMON11905',1,'2017-06-23 11:36:36','2017-06-23 11:36:36'),
(795,0,1,'KMON11906',1,'2017-06-23 11:36:36','2017-06-23 11:36:36'),
(796,0,1,'KMON11907',1,'2017-06-23 11:36:36','2017-06-23 11:36:36'),
(797,0,1,'KMON11908',1,'2017-06-23 11:36:36','2017-06-23 11:36:36'),
(798,0,1,'KMON11909',1,'2017-06-23 11:36:36','2017-06-23 11:36:36'),
(799,0,1,'KMON11910',1,'2017-06-23 11:36:36','2017-06-23 11:36:36'),
(800,0,1,'KMON11911',1,'2017-06-23 11:36:36','2017-06-23 11:36:36')
